# JRE version: OpenJDK Runtime Environment (8.0_152-b06) (build 1.8.0_152-release-1136-b06)
# Java VM: OpenJDK 64-Bit Server VM (25.152-b06 mixed mode windows-amd64 compressed oops)
Heap:
 PSYoungGen      total 452096K, used 198464K [0x00000000e0000000, 0x00000000fd600000, 0x0000000100000000)
  eden space 431104K, 43% used [0x00000000e0000000,0x00000000eb5b21e0,0x00000000fa500000)
  from space 20992K, 59% used [0x00000000fc180000,0x00000000fcd9e080,0x00000000fd600000)
  to   space 25088K, 0% used [0x00000000fa500000,0x00000000fa500000,0x00000000fbd80000)
 ParOldGen       total 128000K, used 48987K [0x00000000a0000000, 0x00000000a7d00000, 0x00000000e0000000)
  object space 128000K, 38% used [0x00000000a0000000,0x00000000a2fd6ce8,0x00000000a7d00000)
 Metaspace       used 61277K, capacity 63556K, committed 63832K, reserved 1103872K
  class space    used 8045K, capacity 8542K, committed 8576K, reserved 1048576K
GC Heap History (10 events):
Event: 57.438 GC heap before
{Heap before GC invocations=23 (full 3):
 PSYoungGen      total 264192K, used 245932K [0x00000000e0000000, 0x00000000f6e80000, 0x0000000100000000)
  eden space 238080K, 100% used [0x00000000e0000000,0x00000000ee880000,0x00000000ee880000)
  from space 26112K, 30% used [0x00000000ee880000,0x00000000ef02b108,0x00000000f0200000)
  to   space 25600K, 0% used [0x00000000f5580000,0x00000000f5580000,0x00000000f6e80000)
 ParOldGen       total 128000K, used 33570K [0x00000000a0000000, 0x00000000a7d00000, 0x00000000e0000000)
  object space 128000K, 26% used [0x00000000a0000000,0x00000000a20c8bc8,0x00000000a7d00000)
 Metaspace       used 61141K, capacity 63392K, committed 63576K, reserved 1103872K
  class space    used 8037K, capacity 8536K, committed 8576K, reserved 1048576K
Event: 57.496 GC heap after
Heap after GC invocations=23 (full 3):
 PSYoungGen      total 345600K, used 15996K [0x00000000e0000000, 0x00000000f6c80000, 0x0000000100000000)
  eden space 322048K, 0% used [0x00000000e0000000,0x00000000e0000000,0x00000000f3a80000)
  from space 23552K, 67% used [0x00000000f5580000,0x00000000f651f0f8,0x00000000f6c80000)
  to   space 25600K, 0% used [0x00000000f3a80000,0x00000000f3a80000,0x00000000f5380000)
 ParOldGen       total 128000K, used 33578K [0x00000000a0000000, 0x00000000a7d00000, 0x00000000e0000000)
  object space 128000K, 26% used [0x00000000a0000000,0x00000000a20cabc8,0x00000000a7d00000)
 Metaspace       used 61141K, capacity 63392K, committed 63576K, reserved 1103872K
  class space    used 8037K, capacity 8536K, committed 8576K, reserved 1048576K
}
Event: 59.472 GC heap before
{Heap before GC invocations=24 (full 3):
 PSYoungGen      total 345600K, used 338044K [0x00000000e0000000, 0x00000000f6c80000, 0x0000000100000000)
  eden space 322048K, 100% used [0x00000000e0000000,0x00000000f3a80000,0x00000000f3a80000)
  from space 23552K, 67% used [0x00000000f5580000,0x00000000f651f0f8,0x00000000f6c80000)
  to   space 25600K, 0% used [0x00000000f3a80000,0x00000000f3a80000,0x00000000f5380000)
 ParOldGen       total 128000K, used 33578K [0x00000000a0000000, 0x00000000a7d00000, 0x00000000e0000000)
  object space 128000K, 26% used [0x00000000a0000000,0x00000000a20cabc8,0x00000000a7d00000)
 Metaspace       used 61161K, capacity 63392K, committed 63576K, reserved 1103872K
  class space    used 8037K, capacity 8536K, committed 8576K, reserved 1048576K
Event: 59.611 GC heap after
Heap after GC invocations=24 (full 3):
 PSYoungGen      total 347648K, used 15288K [0x00000000e0000000, 0x00000000fda80000, 0x0000000100000000)
  eden space 322048K, 0% used [0x00000000e0000000,0x00000000e0000000,0x00000000f3a80000)
  from space 25600K, 59% used [0x00000000f3a80000,0x00000000f496e0b8,0x00000000f5380000)
  to   space 25600K, 0% used [0x00000000fc180000,0x00000000fc180000,0x00000000fda80000)
 ParOldGen       total 128000K, used 33586K [0x00000000a0000000, 0x00000000a7d00000, 0x00000000e0000000)
  object space 128000K, 26% used [0x00000000a0000000,0x00000000a20ccbc8,0x00000000a7d00000)
 Metaspace       used 61161K, capacity 63392K, committed 63576K, reserved 1103872K
  class space    used 8037K, capacity 8536K, committed 8576K, reserved 1048576K
}
Event: 62.375 GC heap before
{Heap before GC invocations=25 (full 3):
 PSYoungGen      total 347648K, used 337336K [0x00000000e0000000, 0x00000000fda80000, 0x0000000100000000)
  eden space 322048K, 100% used [0x00000000e0000000,0x00000000f3a80000,0x00000000f3a80000)
  from space 25600K, 59% used [0x00000000f3a80000,0x00000000f496e0b8,0x00000000f5380000)
  to   space 25600K, 0% used [0x00000000fc180000,0x00000000fc180000,0x00000000fda80000)
 ParOldGen       total 128000K, used 33586K [0x00000000a0000000, 0x00000000a7d00000, 0x00000000e0000000)
  object space 128000K, 26% used [0x00000000a0000000,0x00000000a20ccbc8,0x00000000a7d00000)
 Metaspace       used 61190K, capacity 63456K, committed 63576K, reserved 1103872K
  class space    used 8037K, capacity 8536K, committed 8576K, reserved 1048576K
Event: 62.420 GC heap after
Heap after GC invocations=25 (full 3):
 PSYoungGen      total 452096K, used 14472K [0x00000000e0000000, 0x00000000fd600000, 0x0000000100000000)
  eden space 431104K, 0% used [0x00000000e0000000,0x00000000e0000000,0x00000000fa500000)
  from space 20992K, 68% used [0x00000000fc180000,0x00000000fcfa20b0,0x00000000fd600000)
  to   space 25088K, 0% used [0x00000000fa500000,0x00000000fa500000,0x00000000fbd80000)
 ParOldGen       total 128000K, used 36635K [0x00000000a0000000, 0x00000000a7d00000, 0x00000000e0000000)
  object space 128000K, 28% used [0x00000000a0000000,0x00000000a23c6cb8,0x00000000a7d00000)
 Metaspace       used 61190K, capacity 63456K, committed 63576K, reserved 1103872K
  class space    used 8037K, capacity 8536K, committed 8576K, reserved 1048576K
}
Event: 65.148 GC heap before
{Heap before GC invocations=26 (full 3):
 PSYoungGen      total 452096K, used 445576K [0x00000000e0000000, 0x00000000fd600000, 0x0000000100000000)
  eden space 431104K, 100% used [0x00000000e0000000,0x00000000fa500000,0x00000000fa500000)
  from space 20992K, 68% used [0x00000000fc180000,0x00000000fcfa20b0,0x00000000fd600000)
  to   space 25088K, 0% used [0x00000000fa500000,0x00000000fa500000,0x00000000fbd80000)
 ParOldGen       total 128000K, used 36635K [0x00000000a0000000, 0x00000000a7d00000, 0x00000000e0000000)
  object space 128000K, 28% used [0x00000000a0000000,0x00000000a23c6cb8,0x00000000a7d00000)
 Metaspace       used 61214K, capacity 63456K, committed 63576K, reserved 1103872K
  class space    used 8037K, capacity 8536K, committed 8576K, reserved 1048576K
Event: 65.190 GC heap after
Heap after GC invocations=26 (full 3):
 PSYoungGen      total 456192K, used 12848K [0x00000000e0000000, 0x00000000fd600000, 0x0000000100000000)
  eden space 431104K, 0% used [0x00000000e0000000,0x00000000e0000000,0x00000000fa500000)
  from space 25088K, 51% used [0x00000000fa500000,0x00000000fb18c0a0,0x00000000fbd80000)
  to   space 20992K, 0% used [0x00000000fc180000,0x00000000fc180000,0x00000000fd600000)
 ParOldGen       total 128000K, used 41747K [0x00000000a0000000, 0x00000000a7d00000, 0x00000000e0000000)
  object space 128000K, 32% used [0x00000000a0000000,0x00000000a28c4cb8,0x00000000a7d00000)
 Metaspace       used 61214K, capacity 63456K, committed 63576K, reserved 1103872K
  class space    used 8037K, capacity 8536K, committed 8576K, reserved 1048576K
}
Event: 69.270 GC heap before
{Heap before GC invocations=27 (full 3):
 PSYoungGen      total 456192K, used 443952K [0x00000000e0000000, 0x00000000fd600000, 0x0000000100000000)
  eden space 431104K, 100% used [0x00000000e0000000,0x00000000fa500000,0x00000000fa500000)
  from space 25088K, 51% used [0x00000000fa500000,0x00000000fb18c0a0,0x00000000fbd80000)
  to   space 20992K, 0% used [0x00000000fc180000,0x00000000fc180000,0x00000000fd600000)
 ParOldGen       total 128000K, used 41747K [0x00000000a0000000, 0x00000000a7d00000, 0x00000000e0000000)
  object space 128000K, 32% used [0x00000000a0000000,0x00000000a28c4cb8,0x00000000a7d00000)
 Metaspace       used 61224K, capacity 63456K, committed 63576K, reserved 1103872K
  class space    used 8038K, capacity 8536K, committed 8576K, reserved 1048576K
Event: 69.377 GC heap after
Heap after GC invocations=27 (full 3):
 PSYoungGen      total 452096K, used 12408K [0x00000000e0000000, 0x00000000fd600000, 0x0000000100000000)
  eden space 431104K, 0% used [0x00000000e0000000,0x00000000e0000000,0x00000000fa500000)
  from space 20992K, 59% used [0x00000000fc180000,0x00000000fcd9e080,0x00000000fd600000)
  to   space 25088K, 0% used [0x00000000fa500000,0x00000000fa500000,0x00000000fbd80000)
 ParOldGen       total 128000K, used 48987K [0x00000000a0000000, 0x00000000a7d00000, 0x00000000e0000000)
  object space 128000K, 38% used [0x00000000a0000000,0x00000000a2fd6ce8,0x00000000a7d00000)
 Metaspace       used 61224K, capacity 63456K, committed 63576K, reserved 1103872K
  class space    used 8038K, capacity 8536K, committed 8576K, reserved 1048576K
}

