# JRE version: OpenJDK Runtime Environment (8.0_152-b06) (build 1.8.0_152-release-1136-b06)
# Java VM: OpenJDK 64-Bit Server VM (25.152-b06 mixed mode windows-amd64 compressed oops)
Heap:
 PSYoungGen      total 437248K, used 60827K [0x00000000e0000000, 0x00000000fe200000, 0x0000000100000000)
  eden space 386560K, 15% used [0x00000000e0000000,0x00000000e3b66d28,0x00000000f7980000)
  from space 50688K, 0% used [0x00000000fa900000,0x00000000fa900000,0x00000000fda80000)
  to   space 48640K, 0% used [0x00000000f7980000,0x00000000f7980000,0x00000000fa900000)
 ParOldGen       total 110080K, used 105048K [0x00000000a0000000, 0x00000000a6b80000, 0x00000000e0000000)
  object space 110080K, 95% used [0x00000000a0000000,0x00000000a6696240,0x00000000a6b80000)
 Metaspace       used 83672K, capacity 86712K, committed 87188K, reserved 1126400K
  class space    used 10413K, capacity 11084K, committed 11196K, reserved 1048576K
GC Heap History (10 events):
Event: 646.464 GC heap before
{Heap before GC invocations=18 (full 3):
 PSYoungGen      total 242688K, used 237542K [0x00000000e0000000, 0x00000000f0680000, 0x0000000100000000)
  eden space 221696K, 100% used [0x00000000e0000000,0x00000000ed880000,0x00000000ed880000)
  from space 20992K, 75% used [0x00000000eee80000,0x00000000efdf9800,0x00000000f0300000)
  to   space 22528K, 0% used [0x00000000ed880000,0x00000000ed880000,0x00000000eee80000)
 ParOldGen       total 102912K, used 34367K [0x00000000a0000000, 0x00000000a6480000, 0x00000000e0000000)
  object space 102912K, 33% used [0x00000000a0000000,0x00000000a218ff88,0x00000000a6480000)
 Metaspace       used 66783K, capacity 69276K, committed 69524K, reserved 1110016K
  class space    used 8749K, capacity 9334K, committed 9404K, reserved 1048576K
Event: 646.511 GC heap after
Heap after GC invocations=18 (full 3):
 PSYoungGen      total 244224K, used 22518K [0x00000000e0000000, 0x00000000f6980000, 0x0000000100000000)
  eden space 221696K, 0% used [0x00000000e0000000,0x00000000e0000000,0x00000000ed880000)
  from space 22528K, 99% used [0x00000000ed880000,0x00000000eee7dbc8,0x00000000eee80000)
  to   space 27136K, 0% used [0x00000000f4f00000,0x00000000f4f00000,0x00000000f6980000)
 ParOldGen       total 102912K, used 38416K [0x00000000a0000000, 0x00000000a6480000, 0x00000000e0000000)
  object space 102912K, 37% used [0x00000000a0000000,0x00000000a25840f0,0x00000000a6480000)
 Metaspace       used 66783K, capacity 69276K, committed 69524K, reserved 1110016K
  class space    used 8749K, capacity 9334K, committed 9404K, reserved 1048576K
}
Event: 904.180 GC heap before
{Heap before GC invocations=19 (full 3):
 PSYoungGen      total 244224K, used 244214K [0x00000000e0000000, 0x00000000f6980000, 0x0000000100000000)
  eden space 221696K, 100% used [0x00000000e0000000,0x00000000ed880000,0x00000000ed880000)
  from space 22528K, 99% used [0x00000000ed880000,0x00000000eee7dbc8,0x00000000eee80000)
  to   space 27136K, 0% used [0x00000000f4f00000,0x00000000f4f00000,0x00000000f6980000)
 ParOldGen       total 102912K, used 38416K [0x00000000a0000000, 0x00000000a6480000, 0x00000000e0000000)
  object space 102912K, 37% used [0x00000000a0000000,0x00000000a25840f0,0x00000000a6480000)
 Metaspace       used 70447K, capacity 73280K, committed 73492K, reserved 1114112K
  class space    used 9134K, capacity 9788K, committed 9788K, reserved 1048576K
Event: 904.297 GC heap after
Heap after GC invocations=19 (full 3):
 PSYoungGen      total 333824K, used 25423K [0x00000000e0000000, 0x00000000f6880000, 0x0000000100000000)
  eden space 307712K, 0% used [0x00000000e0000000,0x00000000e0000000,0x00000000f2c80000)
  from space 26112K, 97% used [0x00000000f4f00000,0x00000000f67d3d10,0x00000000f6880000)
  to   space 30720K, 0% used [0x00000000f2c80000,0x00000000f2c80000,0x00000000f4a80000)
 ParOldGen       total 102912K, used 38424K [0x00000000a0000000, 0x00000000a6480000, 0x00000000e0000000)
  object space 102912K, 37% used [0x00000000a0000000,0x00000000a25860f0,0x00000000a6480000)
 Metaspace       used 70447K, capacity 73280K, committed 73492K, reserved 1114112K
  class space    used 9134K, capacity 9788K, committed 9788K, reserved 1048576K
}
Event: 937.613 GC heap before
{Heap before GC invocations=20 (full 3):
 PSYoungGen      total 333824K, used 333135K [0x00000000e0000000, 0x00000000f6880000, 0x0000000100000000)
  eden space 307712K, 100% used [0x00000000e0000000,0x00000000f2c80000,0x00000000f2c80000)
  from space 26112K, 97% used [0x00000000f4f00000,0x00000000f67d3d10,0x00000000f6880000)
  to   space 30720K, 0% used [0x00000000f2c80000,0x00000000f2c80000,0x00000000f4a80000)
 ParOldGen       total 102912K, used 38424K [0x00000000a0000000, 0x00000000a6480000, 0x00000000e0000000)
  object space 102912K, 37% used [0x00000000a0000000,0x00000000a25860f0,0x00000000a6480000)
 Metaspace       used 77678K, capacity 80580K, committed 80660K, reserved 1120256K
  class space    used 9888K, capacity 10554K, committed 10556K, reserved 1048576K
Event: 938.088 GC heap after
Heap after GC invocations=20 (full 3):
 PSYoungGen      total 338432K, used 30701K [0x00000000e0000000, 0x00000000fda80000, 0x0000000100000000)
  eden space 307712K, 0% used [0x00000000e0000000,0x00000000e0000000,0x00000000f2c80000)
  from space 30720K, 99% used [0x00000000f2c80000,0x00000000f4a7b428,0x00000000f4a80000)
  to   space 50688K, 0% used [0x00000000fa900000,0x00000000fa900000,0x00000000fda80000)
 ParOldGen       total 102912K, used 79594K [0x00000000a0000000, 0x00000000a6480000, 0x00000000e0000000)
  object space 102912K, 77% used [0x00000000a0000000,0x00000000a4dbaa10,0x00000000a6480000)
 Metaspace       used 77678K, capacity 80580K, committed 80660K, reserved 1120256K
  class space    used 9888K, capacity 10554K, committed 10556K, reserved 1048576K
}
Event: 954.275 GC heap before
{Heap before GC invocations=21 (full 3):
 PSYoungGen      total 338432K, used 338413K [0x00000000e0000000, 0x00000000fda80000, 0x0000000100000000)
  eden space 307712K, 100% used [0x00000000e0000000,0x00000000f2c80000,0x00000000f2c80000)
  from space 30720K, 99% used [0x00000000f2c80000,0x00000000f4a7b428,0x00000000f4a80000)
  to   space 50688K, 0% used [0x00000000fa900000,0x00000000fa900000,0x00000000fda80000)
 ParOldGen       total 102912K, used 79594K [0x00000000a0000000, 0x00000000a6480000, 0x00000000e0000000)
  object space 102912K, 77% used [0x00000000a0000000,0x00000000a4dbaa10,0x00000000a6480000)
 Metaspace       used 83698K, capacity 86810K, committed 87188K, reserved 1126400K
  class space    used 10425K, capacity 11107K, committed 11196K, reserved 1048576K
Event: 955.023 GC heap after
Heap after GC invocations=21 (full 3):
 PSYoungGen      total 437248K, used 11002K [0x00000000e0000000, 0x00000000fe200000, 0x0000000100000000)
  eden space 386560K, 0% used [0x00000000e0000000,0x00000000e0000000,0x00000000f7980000)
  from space 50688K, 21% used [0x00000000fa900000,0x00000000fb3be828,0x00000000fda80000)
  to   space 48640K, 0% used [0x00000000f7980000,0x00000000f7980000,0x00000000fa900000)
 ParOldGen       total 110080K, used 109996K [0x00000000a0000000, 0x00000000a6b80000, 0x00000000e0000000)
  object space 110080K, 99% used [0x00000000a0000000,0x00000000a6b6b0c8,0x00000000a6b80000)
 Metaspace       used 83698K, capacity 86810K, committed 87188K, reserved 1126400K
  class space    used 10425K, capacity 11107K, committed 11196K, reserved 1048576K
}
Event: 955.025 GC heap before
{Heap before GC invocations=22 (full 4):
 PSYoungGen      total 437248K, used 11002K [0x00000000e0000000, 0x00000000fe200000, 0x0000000100000000)
  eden space 386560K, 0% used [0x00000000e0000000,0x00000000e0000000,0x00000000f7980000)
  from space 50688K, 21% used [0x00000000fa900000,0x00000000fb3be828,0x00000000fda80000)
  to   space 48640K, 0% used [0x00000000f7980000,0x00000000f7980000,0x00000000fa900000)
 ParOldGen       total 110080K, used 109996K [0x00000000a0000000, 0x00000000a6b80000, 0x00000000e0000000)
  object space 110080K, 99% used [0x00000000a0000000,0x00000000a6b6b0c8,0x00000000a6b80000)
 Metaspace       used 83698K, capacity 86810K, committed 87188K, reserved 1126400K
  class space    used 10425K, capacity 11107K, committed 11196K, reserved 1048576K
Event: 961.905 GC heap after
Heap after GC invocations=22 (full 4):
 PSYoungGen      total 437248K, used 0K [0x00000000e0000000, 0x00000000fe200000, 0x0000000100000000)
  eden space 386560K, 0% used [0x00000000e0000000,0x00000000e0000000,0x00000000f7980000)
  from space 50688K, 0% used [0x00000000fa900000,0x00000000fa900000,0x00000000fda80000)
  to   space 48640K, 0% used [0x00000000f7980000,0x00000000f7980000,0x00000000fa900000)
 ParOldGen       total 110080K, used 105048K [0x00000000a0000000, 0x00000000a6b80000, 0x00000000e0000000)
  object space 110080K, 95% used [0x00000000a0000000,0x00000000a6696240,0x00000000a6b80000)
 Metaspace       used 83661K, capacity 86712K, committed 87188K, reserved 1126400K
  class space    used 10412K, capacity 11084K, committed 11196K, reserved 1048576K
}

